<?xml version="1.0" encoding="UTF-8"?>
<robot generator="Robot 6.1 (Python 3.11.4 on win32)" generated="20230622 17:43:59.455" rpa="false" schemaversion="4">
<suite id="s1" name="Features" source="C:\Users\Dell\OneDrive\Documentos\AUTOMACAO\EDU\ROBOT\robot-fw01-web\features">
<suite id="s1-s1" name="HomeInvest" source="C:\Users\Dell\OneDrive\Documentos\AUTOMACAO\EDU\ROBOT\robot-fw01-web\features\HomeInvest.robot">
<test id="s1-s1-t1" name="Caso de Teste 01 - Buscar pela ação PETR4" line="18">
<kw name="Abrir o navegador" library="base" type="SETUP">
<kw name="Open Browser" library="SeleniumLibrary">
<arg>about:blank</arg>
<arg>${BROWSER}</arg>
<arg>options=add_experimental_option("detach", True)</arg>
<doc>Opens a new browser instance to the optional ``url``.</doc>
<msg timestamp="20230622 17:43:59.679" level="INFO">Opening browser 'chrome' to base url 'about:blank'.</msg>
<status status="PASS" starttime="20230622 17:43:59.678" endtime="20230622 17:44:01.003"/>
</kw>
<kw name="Set Selenium Implicit Wait" library="SeleniumLibrary">
<arg>5</arg>
<doc>Sets the implicit wait value used by Selenium.</doc>
<status status="PASS" starttime="20230622 17:44:01.003" endtime="20230622 17:44:01.003"/>
</kw>
<kw name="Set Window Size" library="SeleniumLibrary">
<arg>1356</arg>
<arg>725</arg>
<doc>Sets current windows size to given ``width`` and ``height``.</doc>
<status status="PASS" starttime="20230622 17:44:01.003" endtime="20230622 17:44:01.123"/>
</kw>
<status status="PASS" starttime="20230622 17:43:59.678" endtime="20230622 17:44:01.123"/>
</kw>
<kw name="Dado que eu acesso a pagina statusinvest" library="base">
<kw name="Abrir a url" library="base">
<kw name="Go To" library="SeleniumLibrary">
<arg>url=${BASE_URL}</arg>
<doc>Navigates the current browser window to the provided ``url``.</doc>
<msg timestamp="20230622 17:44:01.126" level="INFO">Opening url 'https://statusinvest.com.br'</msg>
<status status="PASS" starttime="20230622 17:44:01.123" endtime="20230622 17:44:03.738"/>
</kw>
<kw name="Wait Until Element Is Visible" library="SeleniumLibrary">
<arg>//img[@src='/img/logo/logo-main.png?v=22']</arg>
<doc>Waits until the element ``locator`` is visible.</doc>
<status status="PASS" starttime="20230622 17:44:03.739" endtime="20230622 17:44:03.788"/>
</kw>
<status status="PASS" starttime="20230622 17:44:01.123" endtime="20230622 17:44:03.788"/>
</kw>
<status status="PASS" starttime="20230622 17:44:01.123" endtime="20230622 17:44:03.788"/>
</kw>
<kw name="Quando faço login com o usuario 'spclash01@gmail.com' e senha 'Spclash01@'" library="Login_kw" sourcename="Quando faço login com o usuario '${usuario}' e senha '${senha}'">
<kw name="Abrir a url" library="base">
<kw name="Go To" library="SeleniumLibrary">
<arg>url=${BASE_URL}</arg>
<doc>Navigates the current browser window to the provided ``url``.</doc>
<msg timestamp="20230622 17:44:03.790" level="INFO">Opening url 'https://statusinvest.com.br'</msg>
<status status="PASS" starttime="20230622 17:44:03.790" endtime="20230622 17:44:04.822"/>
</kw>
<kw name="Wait Until Element Is Visible" library="SeleniumLibrary">
<arg>//img[@src='/img/logo/logo-main.png?v=22']</arg>
<doc>Waits until the element ``locator`` is visible.</doc>
<status status="PASS" starttime="20230622 17:44:04.822" endtime="20230622 17:44:04.849"/>
</kw>
<status status="PASS" starttime="20230622 17:44:03.789" endtime="20230622 17:44:04.849"/>
</kw>
<kw name="Clicar no botão para fazer login" library="HomeInvest_PA">
<kw name="Click Element" library="SeleniumLibrary">
<arg>${btn_entrar}</arg>
<doc>Click the element identified by ``locator``.</doc>
<msg timestamp="20230622 17:44:04.850" level="INFO">Clicking element '//span[contains(.,'ENTRAR')]'.</msg>
<status status="PASS" starttime="20230622 17:44:04.850" endtime="20230622 17:44:04.951"/>
</kw>
<status status="PASS" starttime="20230622 17:44:04.849" endtime="20230622 17:44:04.951"/>
</kw>
<kw name="Fazer login" library="Login_PA">
<arg>${usuario}</arg>
<arg>${senha}</arg>
<kw name="Inserir e-mail" library="Login_PA">
<arg>${usuario}</arg>
<kw name="Input Text" library="SeleniumLibrary">
<arg>${lbl_email}</arg>
<arg>${usuario}</arg>
<doc>Types the given ``text`` into the text field identified by ``locator``.</doc>
<msg timestamp="20230622 17:44:04.954" level="INFO">Typing text 'spclash01@gmail.com' into text field '//input[@id='Email']'.</msg>
<status status="PASS" starttime="20230622 17:44:04.953" endtime="20230622 17:44:05.128"/>
</kw>
<status status="PASS" starttime="20230622 17:44:04.952" endtime="20230622 17:44:05.128"/>
</kw>
<kw name="Inserir a senha" library="Login_PA">
<arg>${senha}</arg>
<kw name="Input Text" library="SeleniumLibrary">
<arg>${Lbl_senha}</arg>
<arg>${senha}</arg>
<doc>Types the given ``text`` into the text field identified by ``locator``.</doc>
<msg timestamp="20230622 17:44:05.129" level="INFO">Typing text 'Spclash01@' into text field '//input[@id='Password']'.</msg>
<status status="PASS" starttime="20230622 17:44:05.128" endtime="20230622 17:44:05.237"/>
</kw>
<kw name="Sleep" library="BuiltIn">
<arg>1</arg>
<doc>Pauses the test executed for the given time.</doc>
<msg timestamp="20230622 17:44:06.237" level="INFO">Slept 1 second</msg>
<status status="PASS" starttime="20230622 17:44:05.237" endtime="20230622 17:44:06.237"/>
</kw>
<status status="PASS" starttime="20230622 17:44:05.128" endtime="20230622 17:44:06.237"/>
</kw>
<kw name="Clicar no botão para logar" library="Login_PA">
<kw name="Wait Until Element Is Visible" library="SeleniumLibrary">
<arg>${btn_login}</arg>
<doc>Waits until the element ``locator`` is visible.</doc>
<status status="PASS" starttime="20230622 17:44:06.239" endtime="20230622 17:44:06.296"/>
</kw>
<kw name="Click Element" library="SeleniumLibrary">
<arg>${btn_login}</arg>
<doc>Click the element identified by ``locator``.</doc>
<msg timestamp="20230622 17:44:06.296" level="INFO">Clicking element '//button[@id='btn-login']'.</msg>
<status status="PASS" starttime="20230622 17:44:06.296" endtime="20230622 17:44:06.342"/>
</kw>
<kw name="Page Should Contain Element" library="SeleniumLibrary">
<arg>${img_logo}</arg>
<doc>Verifies that element ``locator`` is found on the current page.</doc>
<msg timestamp="20230622 17:44:06.347" level="INFO">Current page contains element '//img[@src='/img/logo/logo-main.png?v=22']'.</msg>
<status status="PASS" starttime="20230622 17:44:06.343" endtime="20230622 17:44:06.347"/>
</kw>
<status status="PASS" starttime="20230622 17:44:06.238" endtime="20230622 17:44:06.347"/>
</kw>
<status status="PASS" starttime="20230622 17:44:04.951" endtime="20230622 17:44:06.347"/>
</kw>
<status status="PASS" starttime="20230622 17:44:03.789" endtime="20230622 17:44:06.347"/>
</kw>
<kw name="Então vejo meu usuario 'Robot_FW' logado na pagina principal" library="Login_kw" sourcename="Então vejo meu usuario '${nome}' logado na pagina principal">
<kw name="Wait Until Page Contains" library="SeleniumLibrary">
<arg>Robot_FW</arg>
<doc>Waits until ``text`` appears on the current page.</doc>
<status status="PASS" starttime="20230622 17:44:06.347" endtime="20230622 17:44:06.583"/>
</kw>
<kw name="Page Should Contain" library="SeleniumLibrary">
<arg>Robot_FW</arg>
<doc>Verifies that current page contains ``text``.</doc>
<msg timestamp="20230622 17:44:06.595" level="INFO">Current page contains text 'Robot_FW'.</msg>
<status status="PASS" starttime="20230622 17:44:06.584" endtime="20230622 17:44:06.595"/>
</kw>
<status status="PASS" starttime="20230622 17:44:06.347" endtime="20230622 17:44:06.595"/>
</kw>
<kw name="Quando faço uma busca pela ação 'PETR4'" library="Homeinvest_kw" sourcename="Quando faço uma busca pela ação '${acao}'">
<kw name="Fazer a busca por pela ação '${acao}'" library="HomeInvest_PA" sourcename="Fazer a busca por pela ação '${acao}'">
<kw name="Click Element" library="SeleniumLibrary">
<arg>${lbl_busca}</arg>
<doc>Click the element identified by ``locator``.</doc>
<msg timestamp="20230622 17:44:06.603" level="INFO">Clicking element '//i[contains(.,'search')]'.</msg>
<status status="PASS" starttime="20230622 17:44:06.603" endtime="20230622 17:44:06.854"/>
</kw>
<kw name="Input Text" library="SeleniumLibrary">
<arg>${txt_acao}</arg>
<arg>${acao}</arg>
<doc>Types the given ``text`` into the text field identified by ``locator``.</doc>
<msg timestamp="20230622 17:44:06.854" level="INFO">Typing text 'PETR4' into text field '//input[contains(@class,'Typeahead-input input tt-input')]'.</msg>
<status status="PASS" starttime="20230622 17:44:06.854" endtime="20230622 17:44:06.947"/>
</kw>
<kw name="Click Element" library="SeleniumLibrary">
<arg>${txt_nomeAcao}</arg>
<doc>Click the element identified by ``locator``.</doc>
<msg timestamp="20230622 17:44:06.947" level="INFO">Clicking element '//span[@title='Nome da empresa/FII']'.</msg>
<status status="PASS" starttime="20230622 17:44:06.947" endtime="20230622 17:44:09.089"/>
</kw>
<status status="PASS" starttime="20230622 17:44:06.595" endtime="20230622 17:44:09.089"/>
</kw>
<status status="PASS" starttime="20230622 17:44:06.595" endtime="20230622 17:44:09.089"/>
</kw>
<kw name="Então vejo a palavra 'PETR4 - PETROBRAS' na pagina" library="Homeinvest_kw" sourcename="Então vejo a palavra '${nomeAcao}' na pagina">
<kw name="Verificar se exibe a palavra '${nomeAcao}' na pagina" library="HomeInvest_PA" sourcename="Verificar se exibe a palavra '${nome_acao}' na pagina">
<kw name="Wait Until Page Contains" library="SeleniumLibrary">
<arg>${nome_acao}</arg>
<doc>Waits until ``text`` appears on the current page.</doc>
<status status="PASS" starttime="20230622 17:44:09.090" endtime="20230622 17:44:09.120"/>
</kw>
<kw name="Sleep" library="BuiltIn">
<arg>1</arg>
<doc>Pauses the test executed for the given time.</doc>
<msg timestamp="20230622 17:44:10.120" level="INFO">Slept 1 second</msg>
<status status="PASS" starttime="20230622 17:44:09.120" endtime="20230622 17:44:10.120"/>
</kw>
<kw name="Page Should Contain" library="SeleniumLibrary">
<arg>${nome_acao}</arg>
<doc>Verifies that current page contains ``text``.</doc>
<msg timestamp="20230622 17:44:10.161" level="INFO">Current page contains text 'PETR4 - PETROBRAS'.</msg>
<status status="PASS" starttime="20230622 17:44:10.120" endtime="20230622 17:44:10.161"/>
</kw>
<status status="PASS" starttime="20230622 17:44:09.090" endtime="20230622 17:44:10.161"/>
</kw>
<status status="PASS" starttime="20230622 17:44:09.089" endtime="20230622 17:44:10.161"/>
</kw>
<kw name="Fechar o navegador" library="base" type="TEARDOWN">
<kw name="Close Browser" library="SeleniumLibrary">
<doc>Closes the current browser.</doc>
<status status="PASS" starttime="20230622 17:44:10.161" endtime="20230622 17:44:13.374"/>
</kw>
<status status="PASS" starttime="20230622 17:44:10.161" endtime="20230622 17:44:13.374"/>
</kw>
<doc>Esse teste faz uma busca por uma ação</doc>
<tag>busca</tag>
<tag>regressivo</tag>
<status status="PASS" starttime="20230622 17:43:59.677" endtime="20230622 17:44:13.374"/>
</test>
<test id="s1-s1-t2" name="Caso de Teste 02 - Validar o valor da Ação" line="27">
<kw name="Abrir o navegador" library="base" type="SETUP">
<kw name="Open Browser" library="SeleniumLibrary">
<arg>about:blank</arg>
<arg>${BROWSER}</arg>
<arg>options=add_experimental_option("detach", True)</arg>
<doc>Opens a new browser instance to the optional ``url``.</doc>
<msg timestamp="20230622 17:44:13.386" level="INFO">Opening browser 'chrome' to base url 'about:blank'.</msg>
<status status="PASS" starttime="20230622 17:44:13.385" endtime="20230622 17:44:14.577"/>
</kw>
<kw name="Set Selenium Implicit Wait" library="SeleniumLibrary">
<arg>5</arg>
<doc>Sets the implicit wait value used by Selenium.</doc>
<status status="PASS" starttime="20230622 17:44:14.577" endtime="20230622 17:44:14.577"/>
</kw>
<kw name="Set Window Size" library="SeleniumLibrary">
<arg>1356</arg>
<arg>725</arg>
<doc>Sets current windows size to given ``width`` and ``height``.</doc>
<status status="PASS" starttime="20230622 17:44:14.577" endtime="20230622 17:44:14.693"/>
</kw>
<status status="PASS" starttime="20230622 17:44:13.385" endtime="20230622 17:44:14.693"/>
</kw>
<kw name="Contexto: Logar na StatusInvest com o usuario 'spclash01@gmail.com' e senha 'Spclash01@'" library="Login_kw" sourcename="Contexto: Logar na StatusInvest com o usuario '${usuario}' e senha '${senha}'">
<kw name="Acessar o statusinvest" library="Login_kw">
<arg>${usuario}</arg>
<arg>${senha}</arg>
<kw name="Abrir a url" library="base">
<kw name="Go To" library="SeleniumLibrary">
<arg>url=${BASE_URL}</arg>
<doc>Navigates the current browser window to the provided ``url``.</doc>
<msg timestamp="20230622 17:44:14.696" level="INFO">Opening url 'https://statusinvest.com.br'</msg>
<status status="PASS" starttime="20230622 17:44:14.693" endtime="20230622 17:44:16.937"/>
</kw>
<kw name="Wait Until Element Is Visible" library="SeleniumLibrary">
<arg>//img[@src='/img/logo/logo-main.png?v=22']</arg>
<doc>Waits until the element ``locator`` is visible.</doc>
<status status="PASS" starttime="20230622 17:44:16.937" endtime="20230622 17:44:16.974"/>
</kw>
<status status="PASS" starttime="20230622 17:44:14.693" endtime="20230622 17:44:16.974"/>
</kw>
<kw name="Clicar no botão para fazer login" library="HomeInvest_PA">
<kw name="Click Element" library="SeleniumLibrary">
<arg>${btn_entrar}</arg>
<doc>Click the element identified by ``locator``.</doc>
<msg timestamp="20230622 17:44:16.975" level="INFO">Clicking element '//span[contains(.,'ENTRAR')]'.</msg>
<status status="PASS" starttime="20230622 17:44:16.974" endtime="20230622 17:44:17.101"/>
</kw>
<status status="PASS" starttime="20230622 17:44:16.974" endtime="20230622 17:44:17.101"/>
</kw>
<kw name="Fazer login" library="Login_PA">
<arg>${usuario}</arg>
<arg>${senha}</arg>
<kw name="Inserir e-mail" library="Login_PA">
<arg>${usuario}</arg>
<kw name="Input Text" library="SeleniumLibrary">
<arg>${lbl_email}</arg>
<arg>${usuario}</arg>
<doc>Types the given ``text`` into the text field identified by ``locator``.</doc>
<msg timestamp="20230622 17:44:17.101" level="INFO">Typing text 'spclash01@gmail.com' into text field '//input[@id='Email']'.</msg>
<status status="PASS" starttime="20230622 17:44:17.101" endtime="20230622 17:44:17.284"/>
</kw>
<status status="PASS" starttime="20230622 17:44:17.101" endtime="20230622 17:44:17.284"/>
</kw>
<kw name="Inserir a senha" library="Login_PA">
<arg>${senha}</arg>
<kw name="Input Text" library="SeleniumLibrary">
<arg>${Lbl_senha}</arg>
<arg>${senha}</arg>
<doc>Types the given ``text`` into the text field identified by ``locator``.</doc>
<msg timestamp="20230622 17:44:17.285" level="INFO">Typing text 'Spclash01@' into text field '//input[@id='Password']'.</msg>
<status status="PASS" starttime="20230622 17:44:17.285" endtime="20230622 17:44:17.386"/>
</kw>
<kw name="Sleep" library="BuiltIn">
<arg>1</arg>
<doc>Pauses the test executed for the given time.</doc>
<msg timestamp="20230622 17:44:18.387" level="INFO">Slept 1 second</msg>
<status status="PASS" starttime="20230622 17:44:17.386" endtime="20230622 17:44:18.387"/>
</kw>
<status status="PASS" starttime="20230622 17:44:17.284" endtime="20230622 17:44:18.387"/>
</kw>
<kw name="Clicar no botão para logar" library="Login_PA">
<kw name="Wait Until Element Is Visible" library="SeleniumLibrary">
<arg>${btn_login}</arg>
<doc>Waits until the element ``locator`` is visible.</doc>
<status status="PASS" starttime="20230622 17:44:18.387" endtime="20230622 17:44:18.416"/>
</kw>
<kw name="Click Element" library="SeleniumLibrary">
<arg>${btn_login}</arg>
<doc>Click the element identified by ``locator``.</doc>
<msg timestamp="20230622 17:44:18.416" level="INFO">Clicking element '//button[@id='btn-login']'.</msg>
<status status="PASS" starttime="20230622 17:44:18.416" endtime="20230622 17:44:18.465"/>
</kw>
<kw name="Page Should Contain Element" library="SeleniumLibrary">
<arg>${img_logo}</arg>
<doc>Verifies that element ``locator`` is found on the current page.</doc>
<msg timestamp="20230622 17:44:18.475" level="INFO">Current page contains element '//img[@src='/img/logo/logo-main.png?v=22']'.</msg>
<status status="PASS" starttime="20230622 17:44:18.465" endtime="20230622 17:44:18.475"/>
</kw>
<status status="PASS" starttime="20230622 17:44:18.387" endtime="20230622 17:44:18.475"/>
</kw>
<status status="PASS" starttime="20230622 17:44:17.101" endtime="20230622 17:44:18.475"/>
</kw>
<kw name="Wait Until Page Contains" library="SeleniumLibrary">
<arg>Robot_FW</arg>
<doc>Waits until ``text`` appears on the current page.</doc>
<status status="PASS" starttime="20230622 17:44:18.475" endtime="20230622 17:44:18.761"/>
</kw>
<kw name="Page Should Contain" library="SeleniumLibrary">
<arg>Robot_FW</arg>
<doc>Verifies that current page contains ``text``.</doc>
<msg timestamp="20230622 17:44:18.798" level="INFO">Current page contains text 'Robot_FW'.</msg>
<status status="PASS" starttime="20230622 17:44:18.761" endtime="20230622 17:44:18.798"/>
</kw>
<status status="PASS" starttime="20230622 17:44:14.693" endtime="20230622 17:44:18.799"/>
</kw>
<status status="PASS" starttime="20230622 17:44:14.693" endtime="20230622 17:44:18.799"/>
</kw>
<kw name="Quando faço uma busca pela ação 'PETR4'" library="Homeinvest_kw" sourcename="Quando faço uma busca pela ação '${acao}'">
<kw name="Fazer a busca por pela ação '${acao}'" library="HomeInvest_PA" sourcename="Fazer a busca por pela ação '${acao}'">
<kw name="Click Element" library="SeleniumLibrary">
<arg>${lbl_busca}</arg>
<doc>Click the element identified by ``locator``.</doc>
<msg timestamp="20230622 17:44:18.801" level="INFO">Clicking element '//i[contains(.,'search')]'.</msg>
<status status="PASS" starttime="20230622 17:44:18.800" endtime="20230622 17:44:18.950"/>
</kw>
<kw name="Input Text" library="SeleniumLibrary">
<arg>${txt_acao}</arg>
<arg>${acao}</arg>
<doc>Types the given ``text`` into the text field identified by ``locator``.</doc>
<msg timestamp="20230622 17:44:18.951" level="INFO">Typing text 'PETR4' into text field '//input[contains(@class,'Typeahead-input input tt-input')]'.</msg>
<status status="PASS" starttime="20230622 17:44:18.950" endtime="20230622 17:44:19.045"/>
</kw>
<kw name="Click Element" library="SeleniumLibrary">
<arg>${txt_nomeAcao}</arg>
<doc>Click the element identified by ``locator``.</doc>
<msg timestamp="20230622 17:44:19.046" level="INFO">Clicking element '//span[@title='Nome da empresa/FII']'.</msg>
<status status="PASS" starttime="20230622 17:44:19.045" endtime="20230622 17:44:21.116"/>
</kw>
<status status="PASS" starttime="20230622 17:44:18.800" endtime="20230622 17:44:21.116"/>
</kw>
<status status="PASS" starttime="20230622 17:44:18.799" endtime="20230622 17:44:21.116"/>
</kw>
<kw name="Então vejo a cotação do ativo 'PETR4'" library="Homeinvest_kw" sourcename="Então vejo a cotação do ativo '${nomeAcao}'">
<kw name="Retorna a cotacao do ativo" library="HomeInvest_PA">
<kw name="Get Text" library="SeleniumLibrary">
<var>${COTACAO}</var>
<arg>${txt_cotacao}</arg>
<doc>Returns the text value of the element identified by ``locator``.</doc>
<msg timestamp="20230622 17:44:21.167" level="INFO">${COTACAO} = 31,40</msg>
<status status="PASS" starttime="20230622 17:44:21.116" endtime="20230622 17:44:21.167"/>
</kw>
<kw name="Log" library="BuiltIn">
<arg>------------ ${COTACAO}</arg>
<doc>Logs the given message with the given level.</doc>
<msg timestamp="20230622 17:44:21.167" level="INFO">------------ 31,40</msg>
<status status="PASS" starttime="20230622 17:44:21.167" endtime="20230622 17:44:21.167"/>
</kw>
<status status="PASS" starttime="20230622 17:44:21.116" endtime="20230622 17:44:21.167"/>
</kw>
<status status="PASS" starttime="20230622 17:44:21.116" endtime="20230622 17:44:21.168"/>
</kw>
<kw name="Fechar o navegador" library="base" type="TEARDOWN">
<kw name="Close Browser" library="SeleniumLibrary">
<doc>Closes the current browser.</doc>
<status status="PASS" starttime="20230622 17:44:21.168" endtime="20230622 17:44:24.938"/>
</kw>
<status status="PASS" starttime="20230622 17:44:21.168" endtime="20230622 17:44:24.938"/>
</kw>
<doc>Esse teste verifica o valor de uma ação</doc>
<tag>regressivo</tag>
<tag>valor</tag>
<status status="PASS" starttime="20230622 17:44:13.382" endtime="20230622 17:44:24.939"/>
</test>
<test id="s1-s1-t3" name="Caso de Teste 03 - Validar se a cotação esta acima da media" line="35">
<kw name="Abrir o navegador" library="base" type="SETUP">
<kw name="Open Browser" library="SeleniumLibrary">
<arg>about:blank</arg>
<arg>${BROWSER}</arg>
<arg>options=add_experimental_option("detach", True)</arg>
<doc>Opens a new browser instance to the optional ``url``.</doc>
<msg timestamp="20230622 17:44:24.942" level="INFO">Opening browser 'chrome' to base url 'about:blank'.</msg>
<status status="PASS" starttime="20230622 17:44:24.941" endtime="20230622 17:44:26.204"/>
</kw>
<kw name="Set Selenium Implicit Wait" library="SeleniumLibrary">
<arg>5</arg>
<doc>Sets the implicit wait value used by Selenium.</doc>
<status status="PASS" starttime="20230622 17:44:26.204" endtime="20230622 17:44:26.205"/>
</kw>
<kw name="Set Window Size" library="SeleniumLibrary">
<arg>1356</arg>
<arg>725</arg>
<doc>Sets current windows size to given ``width`` and ``height``.</doc>
<status status="PASS" starttime="20230622 17:44:26.205" endtime="20230622 17:44:26.332"/>
</kw>
<status status="PASS" starttime="20230622 17:44:24.941" endtime="20230622 17:44:26.332"/>
</kw>
<kw name="Contexto: Logar na StatusInvest com o usuario 'spclash01@gmail.com' e senha 'Spclash01@'" library="Login_kw" sourcename="Contexto: Logar na StatusInvest com o usuario '${usuario}' e senha '${senha}'">
<kw name="Acessar o statusinvest" library="Login_kw">
<arg>${usuario}</arg>
<arg>${senha}</arg>
<kw name="Abrir a url" library="base">
<kw name="Go To" library="SeleniumLibrary">
<arg>url=${BASE_URL}</arg>
<doc>Navigates the current browser window to the provided ``url``.</doc>
<msg timestamp="20230622 17:44:26.336" level="INFO">Opening url 'https://statusinvest.com.br'</msg>
<status status="PASS" starttime="20230622 17:44:26.336" endtime="20230622 17:44:28.462"/>
</kw>
<kw name="Wait Until Element Is Visible" library="SeleniumLibrary">
<arg>//img[@src='/img/logo/logo-main.png?v=22']</arg>
<doc>Waits until the element ``locator`` is visible.</doc>
<status status="PASS" starttime="20230622 17:44:28.463" endtime="20230622 17:44:28.528"/>
</kw>
<status status="PASS" starttime="20230622 17:44:26.336" endtime="20230622 17:44:28.528"/>
</kw>
<kw name="Clicar no botão para fazer login" library="HomeInvest_PA">
<kw name="Click Element" library="SeleniumLibrary">
<arg>${btn_entrar}</arg>
<doc>Click the element identified by ``locator``.</doc>
<msg timestamp="20230622 17:44:28.528" level="INFO">Clicking element '//span[contains(.,'ENTRAR')]'.</msg>
<status status="PASS" starttime="20230622 17:44:28.528" endtime="20230622 17:44:28.619"/>
</kw>
<status status="PASS" starttime="20230622 17:44:28.528" endtime="20230622 17:44:28.619"/>
</kw>
<kw name="Fazer login" library="Login_PA">
<arg>${usuario}</arg>
<arg>${senha}</arg>
<kw name="Inserir e-mail" library="Login_PA">
<arg>${usuario}</arg>
<kw name="Input Text" library="SeleniumLibrary">
<arg>${lbl_email}</arg>
<arg>${usuario}</arg>
<doc>Types the given ``text`` into the text field identified by ``locator``.</doc>
<msg timestamp="20230622 17:44:28.625" level="INFO">Typing text 'spclash01@gmail.com' into text field '//input[@id='Email']'.</msg>
<status status="PASS" starttime="20230622 17:44:28.620" endtime="20230622 17:44:28.853"/>
</kw>
<status status="PASS" starttime="20230622 17:44:28.619" endtime="20230622 17:44:28.853"/>
</kw>
<kw name="Inserir a senha" library="Login_PA">
<arg>${senha}</arg>
<kw name="Input Text" library="SeleniumLibrary">
<arg>${Lbl_senha}</arg>
<arg>${senha}</arg>
<doc>Types the given ``text`` into the text field identified by ``locator``.</doc>
<msg timestamp="20230622 17:44:28.854" level="INFO">Typing text 'Spclash01@' into text field '//input[@id='Password']'.</msg>
<status status="PASS" starttime="20230622 17:44:28.853" endtime="20230622 17:44:28.966"/>
</kw>
<kw name="Sleep" library="BuiltIn">
<arg>1</arg>
<doc>Pauses the test executed for the given time.</doc>
<msg timestamp="20230622 17:44:29.968" level="INFO">Slept 1 second</msg>
<status status="PASS" starttime="20230622 17:44:28.966" endtime="20230622 17:44:29.968"/>
</kw>
<status status="PASS" starttime="20230622 17:44:28.853" endtime="20230622 17:44:29.968"/>
</kw>
<kw name="Clicar no botão para logar" library="Login_PA">
<kw name="Wait Until Element Is Visible" library="SeleniumLibrary">
<arg>${btn_login}</arg>
<doc>Waits until the element ``locator`` is visible.</doc>
<status status="PASS" starttime="20230622 17:44:29.968" endtime="20230622 17:44:30.002"/>
</kw>
<kw name="Click Element" library="SeleniumLibrary">
<arg>${btn_login}</arg>
<doc>Click the element identified by ``locator``.</doc>
<msg timestamp="20230622 17:44:30.003" level="INFO">Clicking element '//button[@id='btn-login']'.</msg>
<status status="PASS" starttime="20230622 17:44:30.002" endtime="20230622 17:44:30.055"/>
</kw>
<kw name="Page Should Contain Element" library="SeleniumLibrary">
<arg>${img_logo}</arg>
<doc>Verifies that element ``locator`` is found on the current page.</doc>
<msg timestamp="20230622 17:44:30.068" level="INFO">Current page contains element '//img[@src='/img/logo/logo-main.png?v=22']'.</msg>
<status status="PASS" starttime="20230622 17:44:30.055" endtime="20230622 17:44:30.068"/>
</kw>
<status status="PASS" starttime="20230622 17:44:29.968" endtime="20230622 17:44:30.068"/>
</kw>
<status status="PASS" starttime="20230622 17:44:28.619" endtime="20230622 17:44:30.068"/>
</kw>
<kw name="Wait Until Page Contains" library="SeleniumLibrary">
<arg>Robot_FW</arg>
<doc>Waits until ``text`` appears on the current page.</doc>
<status status="PASS" starttime="20230622 17:44:30.069" endtime="20230622 17:44:30.327"/>
</kw>
<kw name="Page Should Contain" library="SeleniumLibrary">
<arg>Robot_FW</arg>
<doc>Verifies that current page contains ``text``.</doc>
<msg timestamp="20230622 17:44:30.348" level="INFO">Current page contains text 'Robot_FW'.</msg>
<status status="PASS" starttime="20230622 17:44:30.328" endtime="20230622 17:44:30.348"/>
</kw>
<status status="PASS" starttime="20230622 17:44:26.332" endtime="20230622 17:44:30.348"/>
</kw>
<status status="PASS" starttime="20230622 17:44:26.332" endtime="20230622 17:44:30.348"/>
</kw>
<kw name="Quando faço uma busca pela ação 'PETR4'" library="Homeinvest_kw" sourcename="Quando faço uma busca pela ação '${acao}'">
<kw name="Fazer a busca por pela ação '${acao}'" library="HomeInvest_PA" sourcename="Fazer a busca por pela ação '${acao}'">
<kw name="Click Element" library="SeleniumLibrary">
<arg>${lbl_busca}</arg>
<doc>Click the element identified by ``locator``.</doc>
<msg timestamp="20230622 17:44:30.351" level="INFO">Clicking element '//i[contains(.,'search')]'.</msg>
<status status="PASS" starttime="20230622 17:44:30.350" endtime="20230622 17:44:30.564"/>
</kw>
<kw name="Input Text" library="SeleniumLibrary">
<arg>${txt_acao}</arg>
<arg>${acao}</arg>
<doc>Types the given ``text`` into the text field identified by ``locator``.</doc>
<msg timestamp="20230622 17:44:30.564" level="INFO">Typing text 'PETR4' into text field '//input[contains(@class,'Typeahead-input input tt-input')]'.</msg>
<status status="PASS" starttime="20230622 17:44:30.564" endtime="20230622 17:44:30.663"/>
</kw>
<kw name="Click Element" library="SeleniumLibrary">
<arg>${txt_nomeAcao}</arg>
<doc>Click the element identified by ``locator``.</doc>
<msg timestamp="20230622 17:44:30.663" level="INFO">Clicking element '//span[@title='Nome da empresa/FII']'.</msg>
<status status="PASS" starttime="20230622 17:44:30.663" endtime="20230622 17:44:32.852"/>
</kw>
<status status="PASS" starttime="20230622 17:44:30.350" endtime="20230622 17:44:32.852"/>
</kw>
<status status="PASS" starttime="20230622 17:44:30.349" endtime="20230622 17:44:32.852"/>
</kw>
<kw name="Então vejo a cotação esta acima da media" library="Homeinvest_kw">
<kw name="Validar se a ação esta acima da media" library="HomeInvest_PA">
<kw name="Retorna a cotacao do ativo" library="HomeInvest_PA">
<var>${COTACAO}</var>
<kw name="Get Text" library="SeleniumLibrary">
<var>${COTACAO}</var>
<arg>${txt_cotacao}</arg>
<doc>Returns the text value of the element identified by ``locator``.</doc>
<msg timestamp="20230622 17:44:32.892" level="INFO">${COTACAO} = 31,40</msg>
<status status="PASS" starttime="20230622 17:44:32.854" endtime="20230622 17:44:32.892"/>
</kw>
<kw name="Log" library="BuiltIn">
<arg>------------ ${COTACAO}</arg>
<doc>Logs the given message with the given level.</doc>
<msg timestamp="20230622 17:44:32.893" level="INFO">------------ 31,40</msg>
<status status="PASS" starttime="20230622 17:44:32.893" endtime="20230622 17:44:32.895"/>
</kw>
<msg timestamp="20230622 17:44:32.895" level="INFO">${COTACAO} = 31,40</msg>
<status status="PASS" starttime="20230622 17:44:32.854" endtime="20230622 17:44:32.895"/>
</kw>
<kw name="Set Variable If" library="BuiltIn">
<var>${MENSAGEM}</var>
<arg>'${COTACAO}'&gt;'${cot_carteira}'</arg>
<arg>Cotação ${COTACAO} esta ACIMA da média da carteira ${cot_carteira}</arg>
<arg>Cotação ${COTACAO} esta ABAIXO da média da carteira ${cot_carteira}</arg>
<doc>Sets variable based on the given condition.</doc>
<msg timestamp="20230622 17:44:32.895" level="INFO">${MENSAGEM} = Cotação 31,40 esta ACIMA da média da carteira 30,00</msg>
<status status="PASS" starttime="20230622 17:44:32.895" endtime="20230622 17:44:32.896"/>
</kw>
<kw name="Log" library="BuiltIn">
<arg>------------ ${MENSAGEM}</arg>
<doc>Logs the given message with the given level.</doc>
<msg timestamp="20230622 17:44:32.896" level="INFO">------------ Cotação 31,40 esta ACIMA da média da carteira 30,00</msg>
<status status="PASS" starttime="20230622 17:44:32.896" endtime="20230622 17:44:32.896"/>
</kw>
<status status="PASS" starttime="20230622 17:44:32.853" endtime="20230622 17:44:32.896"/>
</kw>
<status status="PASS" starttime="20230622 17:44:32.853" endtime="20230622 17:44:32.896"/>
</kw>
<kw name="Fechar o navegador" library="base" type="TEARDOWN">
<kw name="Close Browser" library="SeleniumLibrary">
<doc>Closes the current browser.</doc>
<status status="PASS" starttime="20230622 17:44:32.897" endtime="20230622 17:44:36.571"/>
</kw>
<status status="PASS" starttime="20230622 17:44:32.897" endtime="20230622 17:44:36.571"/>
</kw>
<doc>Esse teste verifica o valor de uma ação esta abaixo da média da carteira</doc>
<tag>regressivo</tag>
<tag>test</tag>
<status status="PASS" starttime="20230622 17:44:24.940" endtime="20230622 17:44:36.571"/>
</test>
<doc>Suite de testes na pagina home
-- Version     1.0.0.1
-- Author      Eduardo Barbosa</doc>
<status status="PASS" starttime="20230622 17:43:59.471" endtime="20230622 17:44:36.573"/>
</suite>
<suite id="s1-s2" name="Login" source="C:\Users\Dell\OneDrive\Documentos\AUTOMACAO\EDU\ROBOT\robot-fw01-web\features\Login.robot">
<test id="s1-s2-t1" name="Caso de Teste 01 - Fazer Login" line="16">
<kw name="Abrir o navegador" library="base" type="SETUP">
<kw name="Open Browser" library="SeleniumLibrary">
<arg>about:blank</arg>
<arg>${BROWSER}</arg>
<arg>options=add_experimental_option("detach", True)</arg>
<doc>Opens a new browser instance to the optional ``url``.</doc>
<msg timestamp="20230622 17:44:36.590" level="INFO">Opening browser 'chrome' to base url 'about:blank'.</msg>
<status status="PASS" starttime="20230622 17:44:36.590" endtime="20230622 17:44:37.790"/>
</kw>
<kw name="Set Selenium Implicit Wait" library="SeleniumLibrary">
<arg>5</arg>
<doc>Sets the implicit wait value used by Selenium.</doc>
<status status="PASS" starttime="20230622 17:44:37.790" endtime="20230622 17:44:37.792"/>
</kw>
<kw name="Set Window Size" library="SeleniumLibrary">
<arg>1356</arg>
<arg>725</arg>
<doc>Sets current windows size to given ``width`` and ``height``.</doc>
<status status="PASS" starttime="20230622 17:44:37.792" endtime="20230622 17:44:37.906"/>
</kw>
<status status="PASS" starttime="20230622 17:44:36.589" endtime="20230622 17:44:37.906"/>
</kw>
<kw name="Dado que eu acesso a pagina statusinvest" library="base">
<kw name="Abrir a url" library="base">
<kw name="Go To" library="SeleniumLibrary">
<arg>url=${BASE_URL}</arg>
<doc>Navigates the current browser window to the provided ``url``.</doc>
<msg timestamp="20230622 17:44:37.906" level="INFO">Opening url 'https://statusinvest.com.br'</msg>
<status status="PASS" starttime="20230622 17:44:37.906" endtime="20230622 17:44:40.086"/>
</kw>
<kw name="Wait Until Element Is Visible" library="SeleniumLibrary">
<arg>//img[@src='/img/logo/logo-main.png?v=22']</arg>
<doc>Waits until the element ``locator`` is visible.</doc>
<status status="PASS" starttime="20230622 17:44:40.086" endtime="20230622 17:44:40.121"/>
</kw>
<status status="PASS" starttime="20230622 17:44:37.906" endtime="20230622 17:44:40.121"/>
</kw>
<status status="PASS" starttime="20230622 17:44:37.906" endtime="20230622 17:44:40.121"/>
</kw>
<kw name="Quando faço login com o usuario 'spclash01@gmail.com' e senha 'Spclash01@'" library="Login_kw" sourcename="Quando faço login com o usuario '${usuario}' e senha '${senha}'">
<kw name="Abrir a url" library="base">
<kw name="Go To" library="SeleniumLibrary">
<arg>url=${BASE_URL}</arg>
<doc>Navigates the current browser window to the provided ``url``.</doc>
<msg timestamp="20230622 17:44:40.123" level="INFO">Opening url 'https://statusinvest.com.br'</msg>
<status status="PASS" starttime="20230622 17:44:40.122" endtime="20230622 17:44:40.620"/>
</kw>
<kw name="Wait Until Element Is Visible" library="SeleniumLibrary">
<arg>//img[@src='/img/logo/logo-main.png?v=22']</arg>
<doc>Waits until the element ``locator`` is visible.</doc>
<status status="PASS" starttime="20230622 17:44:40.621" endtime="20230622 17:44:40.648"/>
</kw>
<status status="PASS" starttime="20230622 17:44:40.122" endtime="20230622 17:44:40.648"/>
</kw>
<kw name="Clicar no botão para fazer login" library="HomeInvest_PA">
<kw name="Click Element" library="SeleniumLibrary">
<arg>${btn_entrar}</arg>
<doc>Click the element identified by ``locator``.</doc>
<msg timestamp="20230622 17:44:40.648" level="INFO">Clicking element '//span[contains(.,'ENTRAR')]'.</msg>
<status status="PASS" starttime="20230622 17:44:40.648" endtime="20230622 17:44:40.741"/>
</kw>
<status status="PASS" starttime="20230622 17:44:40.648" endtime="20230622 17:44:40.742"/>
</kw>
<kw name="Fazer login" library="Login_PA">
<arg>${usuario}</arg>
<arg>${senha}</arg>
<kw name="Inserir e-mail" library="Login_PA">
<arg>${usuario}</arg>
<kw name="Input Text" library="SeleniumLibrary">
<arg>${lbl_email}</arg>
<arg>${usuario}</arg>
<doc>Types the given ``text`` into the text field identified by ``locator``.</doc>
<msg timestamp="20230622 17:44:40.746" level="INFO">Typing text 'spclash01@gmail.com' into text field '//input[@id='Email']'.</msg>
<status status="PASS" starttime="20230622 17:44:40.744" endtime="20230622 17:44:40.974"/>
</kw>
<status status="PASS" starttime="20230622 17:44:40.743" endtime="20230622 17:44:40.975"/>
</kw>
<kw name="Inserir a senha" library="Login_PA">
<arg>${senha}</arg>
<kw name="Input Text" library="SeleniumLibrary">
<arg>${Lbl_senha}</arg>
<arg>${senha}</arg>
<doc>Types the given ``text`` into the text field identified by ``locator``.</doc>
<msg timestamp="20230622 17:44:40.977" level="INFO">Typing text 'Spclash01@' into text field '//input[@id='Password']'.</msg>
<status status="PASS" starttime="20230622 17:44:40.975" endtime="20230622 17:44:41.105"/>
</kw>
<kw name="Sleep" library="BuiltIn">
<arg>1</arg>
<doc>Pauses the test executed for the given time.</doc>
<msg timestamp="20230622 17:44:42.105" level="INFO">Slept 1 second</msg>
<status status="PASS" starttime="20230622 17:44:41.105" endtime="20230622 17:44:42.105"/>
</kw>
<status status="PASS" starttime="20230622 17:44:40.975" endtime="20230622 17:44:42.105"/>
</kw>
<kw name="Clicar no botão para logar" library="Login_PA">
<kw name="Wait Until Element Is Visible" library="SeleniumLibrary">
<arg>${btn_login}</arg>
<doc>Waits until the element ``locator`` is visible.</doc>
<status status="PASS" starttime="20230622 17:44:42.107" endtime="20230622 17:44:42.159"/>
</kw>
<kw name="Click Element" library="SeleniumLibrary">
<arg>${btn_login}</arg>
<doc>Click the element identified by ``locator``.</doc>
<msg timestamp="20230622 17:44:42.159" level="INFO">Clicking element '//button[@id='btn-login']'.</msg>
<status status="PASS" starttime="20230622 17:44:42.159" endtime="20230622 17:44:42.208"/>
</kw>
<kw name="Page Should Contain Element" library="SeleniumLibrary">
<arg>${img_logo}</arg>
<doc>Verifies that element ``locator`` is found on the current page.</doc>
<msg timestamp="20230622 17:44:42.219" level="INFO">Current page contains element '//img[@src='/img/logo/logo-main.png?v=22']'.</msg>
<status status="PASS" starttime="20230622 17:44:42.208" endtime="20230622 17:44:42.219"/>
</kw>
<status status="PASS" starttime="20230622 17:44:42.106" endtime="20230622 17:44:42.219"/>
</kw>
<status status="PASS" starttime="20230622 17:44:40.742" endtime="20230622 17:44:42.219"/>
</kw>
<status status="PASS" starttime="20230622 17:44:40.122" endtime="20230622 17:44:42.219"/>
</kw>
<kw name="Então vejo meu usuario 'Robot_FW' logado na pagina principal" library="Login_kw" sourcename="Então vejo meu usuario '${nome}' logado na pagina principal">
<kw name="Wait Until Page Contains" library="SeleniumLibrary">
<arg>Robot_FW</arg>
<doc>Waits until ``text`` appears on the current page.</doc>
<status status="PASS" starttime="20230622 17:44:42.220" endtime="20230622 17:44:42.490"/>
</kw>
<kw name="Page Should Contain" library="SeleniumLibrary">
<arg>Robot_FW</arg>
<doc>Verifies that current page contains ``text``.</doc>
<msg timestamp="20230622 17:44:42.515" level="INFO">Current page contains text 'Robot_FW'.</msg>
<status status="PASS" starttime="20230622 17:44:42.490" endtime="20230622 17:44:42.515"/>
</kw>
<status status="PASS" starttime="20230622 17:44:42.220" endtime="20230622 17:44:42.515"/>
</kw>
<kw name="Fechar o navegador" library="base" type="TEARDOWN">
<kw name="Close Browser" library="SeleniumLibrary">
<doc>Closes the current browser.</doc>
<status status="PASS" starttime="20230622 17:44:42.516" endtime="20230622 17:44:44.679"/>
</kw>
<status status="PASS" starttime="20230622 17:44:42.516" endtime="20230622 17:44:44.679"/>
</kw>
<doc>Faz login na pagina</doc>
<tag>login</tag>
<tag>regressivo</tag>
<status status="PASS" starttime="20230622 17:44:36.589" endtime="20230622 17:44:44.679"/>
</test>
<doc>Suite de testes na pagina de login
-- Version     1.0.0.1
-- Author      Eduardo Barbosa</doc>
<status status="PASS" starttime="20230622 17:44:36.576" endtime="20230622 17:44:44.687"/>
</suite>
<status status="PASS" starttime="20230622 17:43:59.455" endtime="20230622 17:44:44.696"/>
</suite>
<statistics>
<total>
<stat pass="4" fail="0" skip="0">All Tests</stat>
</total>
<tag>
<stat pass="1" fail="0" skip="0">busca</stat>
<stat pass="1" fail="0" skip="0">login</stat>
<stat pass="4" fail="0" skip="0">regressivo</stat>
<stat pass="1" fail="0" skip="0">test</stat>
<stat pass="1" fail="0" skip="0">valor</stat>
</tag>
<suite>
<stat pass="4" fail="0" skip="0" id="s1" name="Features">Features</stat>
<stat pass="3" fail="0" skip="0" id="s1-s1" name="HomeInvest">Features.HomeInvest</stat>
<stat pass="1" fail="0" skip="0" id="s1-s2" name="Login">Features.Login</stat>
</suite>
</statistics>
<errors>
</errors>
</robot>
