<?xml version="1.0" encoding="UTF-8"?>
<robot generator="Robot 6.1 (Python 3.11.4 on win32)" generated="20230619 20:25:52.827" rpa="false" schemaversion="4">
<suite id="s1" name="HomeInvest &amp; Login">
<suite id="s1-s1" name="HomeInvest" source="C:\Users\Dell\OneDrive\Documentos\AUTOMACAO\EDU\ROBOT\robot-fw01-web\features\HomeInvest.robot">
<test id="s1-s1-t1" name="Caso de Teste 01 - Buscar pela ação PETR4" line="17">
<kw name="Dado que eu acesso a pagina statusinvest" library="base">
<kw name="Abrir o navegador" library="base">
<kw name="Open Browser" library="SeleniumLibrary">
<arg>about:blank</arg>
<arg>${BROWSER}</arg>
<arg>options=add_experimental_option("detach", True)</arg>
<doc>Opens a new browser instance to the optional ``url``.</doc>
<msg timestamp="20230619 20:25:53.054" level="INFO">Opening browser 'chrome' to base url 'about:blank'.</msg>
<status status="PASS" starttime="20230619 20:25:53.054" endtime="20230619 20:25:54.367"/>
</kw>
<kw name="Set Selenium Implicit Wait" library="SeleniumLibrary">
<arg>5</arg>
<doc>Sets the implicit wait value used by Selenium.</doc>
<status status="PASS" starttime="20230619 20:25:54.367" endtime="20230619 20:25:54.369"/>
</kw>
<kw name="Set Window Size" library="SeleniumLibrary">
<arg>1356</arg>
<arg>725</arg>
<doc>Sets current windows size to given ``width`` and ``height``.</doc>
<status status="PASS" starttime="20230619 20:25:54.370" endtime="20230619 20:25:54.499"/>
</kw>
<status status="PASS" starttime="20230619 20:25:53.053" endtime="20230619 20:25:54.499"/>
</kw>
<kw name="Abrir a url" library="base">
<kw name="Go To" library="SeleniumLibrary">
<arg>url=${BASE_URL}</arg>
<doc>Navigates the current browser window to the provided ``url``.</doc>
<msg timestamp="20230619 20:25:54.500" level="INFO">Opening url 'https://statusinvest.com.br'</msg>
<status status="PASS" starttime="20230619 20:25:54.499" endtime="20230619 20:26:06.789"/>
</kw>
<kw name="Wait Until Element Is Visible" library="SeleniumLibrary">
<arg>//img[@src='/img/logo/logo-main.png?v=22']</arg>
<doc>Waits until the element ``locator`` is visible.</doc>
<status status="PASS" starttime="20230619 20:26:06.790" endtime="20230619 20:26:06.819"/>
</kw>
<status status="PASS" starttime="20230619 20:25:54.499" endtime="20230619 20:26:06.819"/>
</kw>
<status status="PASS" starttime="20230619 20:25:53.053" endtime="20230619 20:26:06.819"/>
</kw>
<kw name="Quando faço login com o usuario 'spclash01@gmail.com' e senha 'Spclash01@'" library="Login_kw" sourcename="Quando faço login com o usuario '${usuario}' e senha '${senha}'">
<kw name="Abrir a url" library="base">
<kw name="Go To" library="SeleniumLibrary">
<arg>url=${BASE_URL}</arg>
<doc>Navigates the current browser window to the provided ``url``.</doc>
<msg timestamp="20230619 20:26:06.820" level="INFO">Opening url 'https://statusinvest.com.br'</msg>
<status status="PASS" starttime="20230619 20:26:06.820" endtime="20230619 20:26:07.683"/>
</kw>
<kw name="Wait Until Element Is Visible" library="SeleniumLibrary">
<arg>//img[@src='/img/logo/logo-main.png?v=22']</arg>
<doc>Waits until the element ``locator`` is visible.</doc>
<status status="PASS" starttime="20230619 20:26:07.683" endtime="20230619 20:26:07.708"/>
</kw>
<status status="PASS" starttime="20230619 20:26:06.820" endtime="20230619 20:26:07.708"/>
</kw>
<kw name="Clicar no botão para fazer login" library="HomeInvest_PA">
<kw name="Click Element" library="SeleniumLibrary">
<arg>${btn_entrar}</arg>
<doc>Click the element identified by ``locator``.</doc>
<msg timestamp="20230619 20:26:07.709" level="INFO">Clicking element '//span[contains(.,'ENTRAR')]'.</msg>
<status status="PASS" starttime="20230619 20:26:07.709" endtime="20230619 20:26:07.818"/>
</kw>
<status status="PASS" starttime="20230619 20:26:07.708" endtime="20230619 20:26:07.819"/>
</kw>
<kw name="Fazer login" library="Login_PA">
<arg>${usuario}</arg>
<arg>${senha}</arg>
<kw name="Inserir e-mail" library="Login_PA">
<arg>${usuario}</arg>
<kw name="Input Text" library="SeleniumLibrary">
<arg>${lbl_email}</arg>
<arg>${usuario}</arg>
<doc>Types the given ``text`` into the text field identified by ``locator``.</doc>
<msg timestamp="20230619 20:26:07.823" level="INFO">Typing text 'spclash01@gmail.com' into text field '//input[@id='Email']'.</msg>
<status status="PASS" starttime="20230619 20:26:07.822" endtime="20230619 20:26:08.055"/>
</kw>
<status status="PASS" starttime="20230619 20:26:07.821" endtime="20230619 20:26:08.055"/>
</kw>
<kw name="Inserir a senha" library="Login_PA">
<arg>${senha}</arg>
<kw name="Input Text" library="SeleniumLibrary">
<arg>${Lbl_senha}</arg>
<arg>${senha}</arg>
<doc>Types the given ``text`` into the text field identified by ``locator``.</doc>
<msg timestamp="20230619 20:26:08.057" level="INFO">Typing text 'Spclash01@' into text field '//input[@id='Password']'.</msg>
<status status="PASS" starttime="20230619 20:26:08.056" endtime="20230619 20:26:08.183"/>
</kw>
<kw name="Sleep" library="BuiltIn">
<arg>1</arg>
<doc>Pauses the test executed for the given time.</doc>
<msg timestamp="20230619 20:26:09.183" level="INFO">Slept 1 second</msg>
<status status="PASS" starttime="20230619 20:26:08.183" endtime="20230619 20:26:09.183"/>
</kw>
<status status="PASS" starttime="20230619 20:26:08.055" endtime="20230619 20:26:09.183"/>
</kw>
<kw name="Clicar no botão para logar" library="Login_PA">
<kw name="Wait Until Element Is Visible" library="SeleniumLibrary">
<arg>${btn_login}</arg>
<doc>Waits until the element ``locator`` is visible.</doc>
<status status="PASS" starttime="20230619 20:26:09.183" endtime="20230619 20:26:09.208"/>
</kw>
<kw name="Click Element" library="SeleniumLibrary">
<arg>${btn_login}</arg>
<doc>Click the element identified by ``locator``.</doc>
<msg timestamp="20230619 20:26:09.209" level="INFO">Clicking element '//button[@id='btn-login']'.</msg>
<status status="PASS" starttime="20230619 20:26:09.208" endtime="20230619 20:26:09.256"/>
</kw>
<kw name="Page Should Contain Element" library="SeleniumLibrary">
<arg>${img_logo}</arg>
<doc>Verifies that element ``locator`` is found on the current page.</doc>
<msg timestamp="20230619 20:26:09.267" level="INFO">Current page contains element '//img[@src='/img/logo/logo-main.png?v=22']'.</msg>
<status status="PASS" starttime="20230619 20:26:09.256" endtime="20230619 20:26:09.267"/>
</kw>
<status status="PASS" starttime="20230619 20:26:09.183" endtime="20230619 20:26:09.267"/>
</kw>
<status status="PASS" starttime="20230619 20:26:07.819" endtime="20230619 20:26:09.267"/>
</kw>
<status status="PASS" starttime="20230619 20:26:06.819" endtime="20230619 20:26:09.267"/>
</kw>
<kw name="Então vejo meu usuario 'Robot_FW' logado na pagina principal" library="Login_kw" sourcename="Então vejo meu usuario '${nome}' logado na pagina principal">
<kw name="Wait Until Page Contains" library="SeleniumLibrary">
<arg>Robot_FW</arg>
<doc>Waits until ``text`` appears on the current page.</doc>
<status status="PASS" starttime="20230619 20:26:09.269" endtime="20230619 20:26:09.513"/>
</kw>
<kw name="Page Should Contain" library="SeleniumLibrary">
<arg>Robot_FW</arg>
<doc>Verifies that current page contains ``text``.</doc>
<msg timestamp="20230619 20:26:09.538" level="INFO">Current page contains text 'Robot_FW'.</msg>
<status status="PASS" starttime="20230619 20:26:09.513" endtime="20230619 20:26:09.538"/>
</kw>
<status status="PASS" starttime="20230619 20:26:09.268" endtime="20230619 20:26:09.538"/>
</kw>
<kw name="Quando faço uma busca pela ação 'PETR4'" library="Homeinvest_kw" sourcename="Quando faço uma busca pela ação '${acao}'">
<kw name="Fazer a busca por pela ação '${acao}'" library="HomeInvest_PA" sourcename="Fazer a busca por pela ação '${acao}'">
<kw name="Click Element" library="SeleniumLibrary">
<arg>${lbl_busca}</arg>
<doc>Click the element identified by ``locator``.</doc>
<msg timestamp="20230619 20:26:09.542" level="INFO">Clicking element '//i[contains(.,'search')]'.</msg>
<status status="PASS" starttime="20230619 20:26:09.540" endtime="20230619 20:26:09.788"/>
</kw>
<kw name="Input Text" library="SeleniumLibrary">
<arg>${txt_acao}</arg>
<arg>${acao}</arg>
<doc>Types the given ``text`` into the text field identified by ``locator``.</doc>
<msg timestamp="20230619 20:26:09.789" level="INFO">Typing text 'PETR4' into text field '//input[contains(@class,'Typeahead-input input tt-input')]'.</msg>
<status status="PASS" starttime="20230619 20:26:09.789" endtime="20230619 20:26:09.878"/>
</kw>
<kw name="Click Element" library="SeleniumLibrary">
<arg>${txt_nomeAcao}</arg>
<doc>Click the element identified by ``locator``.</doc>
<msg timestamp="20230619 20:26:09.878" level="INFO">Clicking element '//span[@title='Nome da empresa/FII']'.</msg>
<status status="PASS" starttime="20230619 20:26:09.878" endtime="20230619 20:26:12.042"/>
</kw>
<status status="PASS" starttime="20230619 20:26:09.539" endtime="20230619 20:26:12.042"/>
</kw>
<status status="PASS" starttime="20230619 20:26:09.538" endtime="20230619 20:26:12.043"/>
</kw>
<kw name="Então vejo a palavra 'PETR4 - PETROBRAS' na pagina" library="Homeinvest_kw" sourcename="Então vejo a palavra '${nomeAcao}' na pagina">
<kw name="Verificar se exibe a palavra '${nomeAcao}' na pagina" library="HomeInvest_PA" sourcename="Verificar se exibe a palavra '${nome_acao}' na pagina">
<kw name="Wait Until Page Contains" library="SeleniumLibrary">
<arg>${nome_acao}</arg>
<doc>Waits until ``text`` appears on the current page.</doc>
<status status="PASS" starttime="20230619 20:26:12.044" endtime="20230619 20:26:12.076"/>
</kw>
<kw name="Sleep" library="BuiltIn">
<arg>1</arg>
<doc>Pauses the test executed for the given time.</doc>
<msg timestamp="20230619 20:26:13.076" level="INFO">Slept 1 second</msg>
<status status="PASS" starttime="20230619 20:26:12.076" endtime="20230619 20:26:13.076"/>
</kw>
<kw name="Page Should Contain" library="SeleniumLibrary">
<arg>${nome_acao}</arg>
<doc>Verifies that current page contains ``text``.</doc>
<msg timestamp="20230619 20:26:13.102" level="INFO">Current page contains text 'PETR4 - PETROBRAS'.</msg>
<status status="PASS" starttime="20230619 20:26:13.076" endtime="20230619 20:26:13.102"/>
</kw>
<status status="PASS" starttime="20230619 20:26:12.044" endtime="20230619 20:26:13.102"/>
</kw>
<status status="PASS" starttime="20230619 20:26:12.043" endtime="20230619 20:26:13.102"/>
</kw>
<kw name="Fechar o navegador" library="base" type="TEARDOWN">
<kw name="Close Browser" library="SeleniumLibrary">
<doc>Closes the current browser.</doc>
<status status="PASS" starttime="20230619 20:26:13.103" endtime="20230619 20:26:16.705"/>
</kw>
<status status="PASS" starttime="20230619 20:26:13.103" endtime="20230619 20:26:16.705"/>
</kw>
<doc>Esse teste faz uma busca por uma ação</doc>
<tag>busca</tag>
<tag>regressivo</tag>
<status status="PASS" starttime="20230619 20:25:53.052" endtime="20230619 20:26:16.705"/>
</test>
<test id="s1-s1-t2" name="Caso de Teste 02 - Validar o valor da Ação" line="26">
<kw name="Dado que eu acesso a pagina statusinvest" library="base">
<kw name="Abrir o navegador" library="base">
<kw name="Open Browser" library="SeleniumLibrary">
<arg>about:blank</arg>
<arg>${BROWSER}</arg>
<arg>options=add_experimental_option("detach", True)</arg>
<doc>Opens a new browser instance to the optional ``url``.</doc>
<msg timestamp="20230619 20:26:16.709" level="INFO">Opening browser 'chrome' to base url 'about:blank'.</msg>
<status status="PASS" starttime="20230619 20:26:16.708" endtime="20230619 20:26:17.888"/>
</kw>
<kw name="Set Selenium Implicit Wait" library="SeleniumLibrary">
<arg>5</arg>
<doc>Sets the implicit wait value used by Selenium.</doc>
<status status="PASS" starttime="20230619 20:26:17.888" endtime="20230619 20:26:17.890"/>
</kw>
<kw name="Set Window Size" library="SeleniumLibrary">
<arg>1356</arg>
<arg>725</arg>
<doc>Sets current windows size to given ``width`` and ``height``.</doc>
<status status="PASS" starttime="20230619 20:26:17.890" endtime="20230619 20:26:18.006"/>
</kw>
<status status="PASS" starttime="20230619 20:26:16.708" endtime="20230619 20:26:18.007"/>
</kw>
<kw name="Abrir a url" library="base">
<kw name="Go To" library="SeleniumLibrary">
<arg>url=${BASE_URL}</arg>
<doc>Navigates the current browser window to the provided ``url``.</doc>
<msg timestamp="20230619 20:26:18.007" level="INFO">Opening url 'https://statusinvest.com.br'</msg>
<status status="PASS" starttime="20230619 20:26:18.007" endtime="20230619 20:26:20.140"/>
</kw>
<kw name="Wait Until Element Is Visible" library="SeleniumLibrary">
<arg>//img[@src='/img/logo/logo-main.png?v=22']</arg>
<doc>Waits until the element ``locator`` is visible.</doc>
<status status="PASS" starttime="20230619 20:26:20.140" endtime="20230619 20:26:20.170"/>
</kw>
<status status="PASS" starttime="20230619 20:26:18.007" endtime="20230619 20:26:20.170"/>
</kw>
<status status="PASS" starttime="20230619 20:26:16.708" endtime="20230619 20:26:20.170"/>
</kw>
<kw name="Quando faço login com o usuario 'spclash01@gmail.com' e senha 'Spclash01@'" library="Login_kw" sourcename="Quando faço login com o usuario '${usuario}' e senha '${senha}'">
<kw name="Abrir a url" library="base">
<kw name="Go To" library="SeleniumLibrary">
<arg>url=${BASE_URL}</arg>
<doc>Navigates the current browser window to the provided ``url``.</doc>
<msg timestamp="20230619 20:26:20.171" level="INFO">Opening url 'https://statusinvest.com.br'</msg>
<status status="PASS" starttime="20230619 20:26:20.171" endtime="20230619 20:26:20.690"/>
</kw>
<kw name="Wait Until Element Is Visible" library="SeleniumLibrary">
<arg>//img[@src='/img/logo/logo-main.png?v=22']</arg>
<doc>Waits until the element ``locator`` is visible.</doc>
<status status="PASS" starttime="20230619 20:26:20.690" endtime="20230619 20:26:20.718"/>
</kw>
<status status="PASS" starttime="20230619 20:26:20.171" endtime="20230619 20:26:20.718"/>
</kw>
<kw name="Clicar no botão para fazer login" library="HomeInvest_PA">
<kw name="Click Element" library="SeleniumLibrary">
<arg>${btn_entrar}</arg>
<doc>Click the element identified by ``locator``.</doc>
<msg timestamp="20230619 20:26:20.720" level="INFO">Clicking element '//span[contains(.,'ENTRAR')]'.</msg>
<status status="PASS" starttime="20230619 20:26:20.719" endtime="20230619 20:26:20.828"/>
</kw>
<status status="PASS" starttime="20230619 20:26:20.718" endtime="20230619 20:26:20.828"/>
</kw>
<kw name="Fazer login" library="Login_PA">
<arg>${usuario}</arg>
<arg>${senha}</arg>
<kw name="Inserir e-mail" library="Login_PA">
<arg>${usuario}</arg>
<kw name="Input Text" library="SeleniumLibrary">
<arg>${lbl_email}</arg>
<arg>${usuario}</arg>
<doc>Types the given ``text`` into the text field identified by ``locator``.</doc>
<msg timestamp="20230619 20:26:20.830" level="INFO">Typing text 'spclash01@gmail.com' into text field '//input[@id='Email']'.</msg>
<status status="PASS" starttime="20230619 20:26:20.829" endtime="20230619 20:26:21.021"/>
</kw>
<status status="PASS" starttime="20230619 20:26:20.829" endtime="20230619 20:26:21.021"/>
</kw>
<kw name="Inserir a senha" library="Login_PA">
<arg>${senha}</arg>
<kw name="Input Text" library="SeleniumLibrary">
<arg>${Lbl_senha}</arg>
<arg>${senha}</arg>
<doc>Types the given ``text`` into the text field identified by ``locator``.</doc>
<msg timestamp="20230619 20:26:21.024" level="INFO">Typing text 'Spclash01@' into text field '//input[@id='Password']'.</msg>
<status status="PASS" starttime="20230619 20:26:21.022" endtime="20230619 20:26:21.144"/>
</kw>
<kw name="Sleep" library="BuiltIn">
<arg>1</arg>
<doc>Pauses the test executed for the given time.</doc>
<msg timestamp="20230619 20:26:22.145" level="INFO">Slept 1 second</msg>
<status status="PASS" starttime="20230619 20:26:21.144" endtime="20230619 20:26:22.145"/>
</kw>
<status status="PASS" starttime="20230619 20:26:21.022" endtime="20230619 20:26:22.145"/>
</kw>
<kw name="Clicar no botão para logar" library="Login_PA">
<kw name="Wait Until Element Is Visible" library="SeleniumLibrary">
<arg>${btn_login}</arg>
<doc>Waits until the element ``locator`` is visible.</doc>
<status status="PASS" starttime="20230619 20:26:22.145" endtime="20230619 20:26:22.167"/>
</kw>
<kw name="Click Element" library="SeleniumLibrary">
<arg>${btn_login}</arg>
<doc>Click the element identified by ``locator``.</doc>
<msg timestamp="20230619 20:26:22.167" level="INFO">Clicking element '//button[@id='btn-login']'.</msg>
<status status="PASS" starttime="20230619 20:26:22.167" endtime="20230619 20:26:22.215"/>
</kw>
<kw name="Page Should Contain Element" library="SeleniumLibrary">
<arg>${img_logo}</arg>
<doc>Verifies that element ``locator`` is found on the current page.</doc>
<msg timestamp="20230619 20:26:22.227" level="INFO">Current page contains element '//img[@src='/img/logo/logo-main.png?v=22']'.</msg>
<status status="PASS" starttime="20230619 20:26:22.215" endtime="20230619 20:26:22.227"/>
</kw>
<status status="PASS" starttime="20230619 20:26:22.145" endtime="20230619 20:26:22.227"/>
</kw>
<status status="PASS" starttime="20230619 20:26:20.828" endtime="20230619 20:26:22.227"/>
</kw>
<status status="PASS" starttime="20230619 20:26:20.170" endtime="20230619 20:26:22.227"/>
</kw>
<kw name="E faço uma busca pela ação 'PETR4'" library="Homeinvest_kw" sourcename="E faço uma busca pela ação '${acao}'">
<kw name="Fazer a busca por pela ação '${acao}'" library="HomeInvest_PA" sourcename="Fazer a busca por pela ação '${acao}'">
<kw name="Click Element" library="SeleniumLibrary">
<arg>${lbl_busca}</arg>
<doc>Click the element identified by ``locator``.</doc>
<msg timestamp="20230619 20:26:22.229" level="INFO">Clicking element '//i[contains(.,'search')]'.</msg>
<status status="PASS" starttime="20230619 20:26:22.229" endtime="20230619 20:26:22.733"/>
</kw>
<kw name="Input Text" library="SeleniumLibrary">
<arg>${txt_acao}</arg>
<arg>${acao}</arg>
<doc>Types the given ``text`` into the text field identified by ``locator``.</doc>
<msg timestamp="20230619 20:26:22.734" level="INFO">Typing text 'PETR4' into text field '//input[contains(@class,'Typeahead-input input tt-input')]'.</msg>
<status status="PASS" starttime="20230619 20:26:22.733" endtime="20230619 20:26:22.836"/>
</kw>
<kw name="Click Element" library="SeleniumLibrary">
<arg>${txt_nomeAcao}</arg>
<doc>Click the element identified by ``locator``.</doc>
<msg timestamp="20230619 20:26:22.837" level="INFO">Clicking element '//span[@title='Nome da empresa/FII']'.</msg>
<status status="PASS" starttime="20230619 20:26:22.836" endtime="20230619 20:26:24.432"/>
</kw>
<status status="PASS" starttime="20230619 20:26:22.228" endtime="20230619 20:26:24.432"/>
</kw>
<status status="PASS" starttime="20230619 20:26:22.228" endtime="20230619 20:26:24.432"/>
</kw>
<kw name="Então vejo a cotação do ativo 'PETR4'" library="Homeinvest_kw" sourcename="Então vejo a cotação do ativo '${nomeAcao}'">
<kw name="Retorna a cotacao do ativo" library="HomeInvest_PA">
<kw name="Get Text" library="SeleniumLibrary">
<var>${COTACAO}</var>
<arg>${txt_cotacao}</arg>
<doc>Returns the text value of the element identified by ``locator``.</doc>
<msg timestamp="20230619 20:26:24.481" level="INFO">${COTACAO} = 30,42</msg>
<status status="PASS" starttime="20230619 20:26:24.434" endtime="20230619 20:26:24.481"/>
</kw>
<kw name="Log" library="BuiltIn">
<arg>------------ ${COTACAO}</arg>
<doc>Logs the given message with the given level.</doc>
<msg timestamp="20230619 20:26:24.481" level="INFO">------------ 30,42</msg>
<status status="PASS" starttime="20230619 20:26:24.481" endtime="20230619 20:26:24.481"/>
</kw>
<status status="PASS" starttime="20230619 20:26:24.433" endtime="20230619 20:26:24.481"/>
</kw>
<status status="PASS" starttime="20230619 20:26:24.433" endtime="20230619 20:26:24.481"/>
</kw>
<kw name="Fechar o navegador" library="base" type="TEARDOWN">
<kw name="Close Browser" library="SeleniumLibrary">
<doc>Closes the current browser.</doc>
<status status="PASS" starttime="20230619 20:26:24.483" endtime="20230619 20:26:26.763"/>
</kw>
<status status="PASS" starttime="20230619 20:26:24.482" endtime="20230619 20:26:26.763"/>
</kw>
<doc>Esse teste verifica o valor de uma ação</doc>
<tag>regressivo</tag>
<tag>valor</tag>
<status status="PASS" starttime="20230619 20:26:16.707" endtime="20230619 20:26:26.764"/>
</test>
<test id="s1-s1-t3" name="Caso de Teste 03 - Validar se a cotação esta acima da media" line="34">
<kw name="Dado que eu acesso a pagina statusinvest" library="base">
<kw name="Abrir o navegador" library="base">
<kw name="Open Browser" library="SeleniumLibrary">
<arg>about:blank</arg>
<arg>${BROWSER}</arg>
<arg>options=add_experimental_option("detach", True)</arg>
<doc>Opens a new browser instance to the optional ``url``.</doc>
<msg timestamp="20230619 20:26:26.767" level="INFO">Opening browser 'chrome' to base url 'about:blank'.</msg>
<status status="PASS" starttime="20230619 20:26:26.767" endtime="20230619 20:26:27.959"/>
</kw>
<kw name="Set Selenium Implicit Wait" library="SeleniumLibrary">
<arg>5</arg>
<doc>Sets the implicit wait value used by Selenium.</doc>
<status status="PASS" starttime="20230619 20:26:27.959" endtime="20230619 20:26:27.961"/>
</kw>
<kw name="Set Window Size" library="SeleniumLibrary">
<arg>1356</arg>
<arg>725</arg>
<doc>Sets current windows size to given ``width`` and ``height``.</doc>
<status status="PASS" starttime="20230619 20:26:27.961" endtime="20230619 20:26:28.084"/>
</kw>
<status status="PASS" starttime="20230619 20:26:26.767" endtime="20230619 20:26:28.084"/>
</kw>
<kw name="Abrir a url" library="base">
<kw name="Go To" library="SeleniumLibrary">
<arg>url=${BASE_URL}</arg>
<doc>Navigates the current browser window to the provided ``url``.</doc>
<msg timestamp="20230619 20:26:28.085" level="INFO">Opening url 'https://statusinvest.com.br'</msg>
<status status="PASS" starttime="20230619 20:26:28.085" endtime="20230619 20:26:30.364"/>
</kw>
<kw name="Wait Until Element Is Visible" library="SeleniumLibrary">
<arg>//img[@src='/img/logo/logo-main.png?v=22']</arg>
<doc>Waits until the element ``locator`` is visible.</doc>
<status status="PASS" starttime="20230619 20:26:30.365" endtime="20230619 20:26:30.394"/>
</kw>
<status status="PASS" starttime="20230619 20:26:28.084" endtime="20230619 20:26:30.394"/>
</kw>
<status status="PASS" starttime="20230619 20:26:26.766" endtime="20230619 20:26:30.394"/>
</kw>
<kw name="Quando faço login com o usuario 'spclash01@gmail.com' e senha 'Spclash01@'" library="Login_kw" sourcename="Quando faço login com o usuario '${usuario}' e senha '${senha}'">
<kw name="Abrir a url" library="base">
<kw name="Go To" library="SeleniumLibrary">
<arg>url=${BASE_URL}</arg>
<doc>Navigates the current browser window to the provided ``url``.</doc>
<msg timestamp="20230619 20:26:30.396" level="INFO">Opening url 'https://statusinvest.com.br'</msg>
<status status="PASS" starttime="20230619 20:26:30.396" endtime="20230619 20:26:30.862"/>
</kw>
<kw name="Wait Until Element Is Visible" library="SeleniumLibrary">
<arg>//img[@src='/img/logo/logo-main.png?v=22']</arg>
<doc>Waits until the element ``locator`` is visible.</doc>
<status status="PASS" starttime="20230619 20:26:30.862" endtime="20230619 20:26:30.891"/>
</kw>
<status status="PASS" starttime="20230619 20:26:30.395" endtime="20230619 20:26:30.891"/>
</kw>
<kw name="Clicar no botão para fazer login" library="HomeInvest_PA">
<kw name="Click Element" library="SeleniumLibrary">
<arg>${btn_entrar}</arg>
<doc>Click the element identified by ``locator``.</doc>
<msg timestamp="20230619 20:26:30.892" level="INFO">Clicking element '//span[contains(.,'ENTRAR')]'.</msg>
<status status="PASS" starttime="20230619 20:26:30.891" endtime="20230619 20:26:31.059"/>
</kw>
<status status="PASS" starttime="20230619 20:26:30.891" endtime="20230619 20:26:31.059"/>
</kw>
<kw name="Fazer login" library="Login_PA">
<arg>${usuario}</arg>
<arg>${senha}</arg>
<kw name="Inserir e-mail" library="Login_PA">
<arg>${usuario}</arg>
<kw name="Input Text" library="SeleniumLibrary">
<arg>${lbl_email}</arg>
<arg>${usuario}</arg>
<doc>Types the given ``text`` into the text field identified by ``locator``.</doc>
<msg timestamp="20230619 20:26:31.062" level="INFO">Typing text 'spclash01@gmail.com' into text field '//input[@id='Email']'.</msg>
<status status="PASS" starttime="20230619 20:26:31.061" endtime="20230619 20:26:31.254"/>
</kw>
<status status="PASS" starttime="20230619 20:26:31.060" endtime="20230619 20:26:31.254"/>
</kw>
<kw name="Inserir a senha" library="Login_PA">
<arg>${senha}</arg>
<kw name="Input Text" library="SeleniumLibrary">
<arg>${Lbl_senha}</arg>
<arg>${senha}</arg>
<doc>Types the given ``text`` into the text field identified by ``locator``.</doc>
<msg timestamp="20230619 20:26:31.255" level="INFO">Typing text 'Spclash01@' into text field '//input[@id='Password']'.</msg>
<status status="PASS" starttime="20230619 20:26:31.255" endtime="20230619 20:26:31.391"/>
</kw>
<kw name="Sleep" library="BuiltIn">
<arg>1</arg>
<doc>Pauses the test executed for the given time.</doc>
<msg timestamp="20230619 20:26:32.391" level="INFO">Slept 1 second</msg>
<status status="PASS" starttime="20230619 20:26:31.391" endtime="20230619 20:26:32.391"/>
</kw>
<status status="PASS" starttime="20230619 20:26:31.254" endtime="20230619 20:26:32.391"/>
</kw>
<kw name="Clicar no botão para logar" library="Login_PA">
<kw name="Wait Until Element Is Visible" library="SeleniumLibrary">
<arg>${btn_login}</arg>
<doc>Waits until the element ``locator`` is visible.</doc>
<status status="PASS" starttime="20230619 20:26:32.391" endtime="20230619 20:26:32.417"/>
</kw>
<kw name="Click Element" library="SeleniumLibrary">
<arg>${btn_login}</arg>
<doc>Click the element identified by ``locator``.</doc>
<msg timestamp="20230619 20:26:32.417" level="INFO">Clicking element '//button[@id='btn-login']'.</msg>
<status status="PASS" starttime="20230619 20:26:32.417" endtime="20230619 20:26:32.478"/>
</kw>
<kw name="Page Should Contain Element" library="SeleniumLibrary">
<arg>${img_logo}</arg>
<doc>Verifies that element ``locator`` is found on the current page.</doc>
<msg timestamp="20230619 20:26:32.491" level="INFO">Current page contains element '//img[@src='/img/logo/logo-main.png?v=22']'.</msg>
<status status="PASS" starttime="20230619 20:26:32.478" endtime="20230619 20:26:32.491"/>
</kw>
<status status="PASS" starttime="20230619 20:26:32.391" endtime="20230619 20:26:32.491"/>
</kw>
<status status="PASS" starttime="20230619 20:26:31.059" endtime="20230619 20:26:32.491"/>
</kw>
<status status="PASS" starttime="20230619 20:26:30.395" endtime="20230619 20:26:32.491"/>
</kw>
<kw name="E faço uma busca pela ação 'PETR4'" library="Homeinvest_kw" sourcename="E faço uma busca pela ação '${acao}'">
<kw name="Fazer a busca por pela ação '${acao}'" library="HomeInvest_PA" sourcename="Fazer a busca por pela ação '${acao}'">
<kw name="Click Element" library="SeleniumLibrary">
<arg>${lbl_busca}</arg>
<doc>Click the element identified by ``locator``.</doc>
<msg timestamp="20230619 20:26:32.494" level="INFO">Clicking element '//i[contains(.,'search')]'.</msg>
<status status="PASS" starttime="20230619 20:26:32.493" endtime="20230619 20:26:32.986"/>
</kw>
<kw name="Input Text" library="SeleniumLibrary">
<arg>${txt_acao}</arg>
<arg>${acao}</arg>
<doc>Types the given ``text`` into the text field identified by ``locator``.</doc>
<msg timestamp="20230619 20:26:32.987" level="INFO">Typing text 'PETR4' into text field '//input[contains(@class,'Typeahead-input input tt-input')]'.</msg>
<status status="PASS" starttime="20230619 20:26:32.987" endtime="20230619 20:26:33.085"/>
</kw>
<kw name="Click Element" library="SeleniumLibrary">
<arg>${txt_nomeAcao}</arg>
<doc>Click the element identified by ``locator``.</doc>
<msg timestamp="20230619 20:26:33.085" level="INFO">Clicking element '//span[@title='Nome da empresa/FII']'.</msg>
<status status="PASS" starttime="20230619 20:26:33.085" endtime="20230619 20:26:35.199"/>
</kw>
<status status="PASS" starttime="20230619 20:26:32.492" endtime="20230619 20:26:35.199"/>
</kw>
<status status="PASS" starttime="20230619 20:26:32.492" endtime="20230619 20:26:35.199"/>
</kw>
<kw name="Então vejo a cotação esta acima da media" library="Homeinvest_kw">
<kw name="Validar se a ação esta acima da media" library="HomeInvest_PA">
<kw name="Retorna a cotacao do ativo" library="HomeInvest_PA">
<var>${COTACAO}</var>
<kw name="Get Text" library="SeleniumLibrary">
<var>${COTACAO}</var>
<arg>${txt_cotacao}</arg>
<doc>Returns the text value of the element identified by ``locator``.</doc>
<msg timestamp="20230619 20:26:35.241" level="INFO">${COTACAO} = 30,42</msg>
<status status="PASS" starttime="20230619 20:26:35.200" endtime="20230619 20:26:35.241"/>
</kw>
<kw name="Log" library="BuiltIn">
<arg>------------ ${COTACAO}</arg>
<doc>Logs the given message with the given level.</doc>
<msg timestamp="20230619 20:26:35.242" level="INFO">------------ 30,42</msg>
<status status="PASS" starttime="20230619 20:26:35.241" endtime="20230619 20:26:35.242"/>
</kw>
<msg timestamp="20230619 20:26:35.242" level="INFO">${COTACAO} = 30,42</msg>
<status status="PASS" starttime="20230619 20:26:35.200" endtime="20230619 20:26:35.242"/>
</kw>
<kw name="Set Variable If" library="BuiltIn">
<var>${MENSAGEM}</var>
<arg>'${COTACAO}'&gt;'${cot_carteira}'</arg>
<arg>Cotação ${COTACAO} esta ACIMA da média da carteira ${cot_carteira}</arg>
<arg>Cotação ${COTACAO} esta ABAIXO da média da carteira ${cot_carteira}</arg>
<doc>Sets variable based on the given condition.</doc>
<msg timestamp="20230619 20:26:35.242" level="INFO">${MENSAGEM} = Cotação 30,42 esta ABAIXO da média da carteira 35,00</msg>
<status status="PASS" starttime="20230619 20:26:35.242" endtime="20230619 20:26:35.242"/>
</kw>
<kw name="Log" library="BuiltIn">
<arg>------------ ${MENSAGEM}</arg>
<doc>Logs the given message with the given level.</doc>
<msg timestamp="20230619 20:26:35.242" level="INFO">------------ Cotação 30,42 esta ABAIXO da média da carteira 35,00</msg>
<status status="PASS" starttime="20230619 20:26:35.242" endtime="20230619 20:26:35.242"/>
</kw>
<status status="PASS" starttime="20230619 20:26:35.200" endtime="20230619 20:26:35.242"/>
</kw>
<status status="PASS" starttime="20230619 20:26:35.199" endtime="20230619 20:26:35.242"/>
</kw>
<kw name="Fechar o navegador" library="base" type="TEARDOWN">
<kw name="Close Browser" library="SeleniumLibrary">
<doc>Closes the current browser.</doc>
<status status="PASS" starttime="20230619 20:26:35.243" endtime="20230619 20:26:37.515"/>
</kw>
<status status="PASS" starttime="20230619 20:26:35.243" endtime="20230619 20:26:37.515"/>
</kw>
<doc>Esse teste verifica o valor de uma ação esta abaixo da média da carteira</doc>
<tag>regressivo</tag>
<tag>test</tag>
<status status="PASS" starttime="20230619 20:26:26.765" endtime="20230619 20:26:37.515"/>
</test>
<kw name="Fechar o navegador" library="base" type="TEARDOWN">
<kw name="Close Browser" library="SeleniumLibrary">
<doc>Closes the current browser.</doc>
<status status="PASS" starttime="20230619 20:26:37.518" endtime="20230619 20:26:37.518"/>
</kw>
<status status="PASS" starttime="20230619 20:26:37.517" endtime="20230619 20:26:37.518"/>
</kw>
<doc>Suite de testes na pagina home
-- Version     1.0.0.1
-- Author      Eduardo Barbosa</doc>
<status status="PASS" starttime="20230619 20:25:52.851" endtime="20230619 20:26:37.518"/>
</suite>
<suite id="s1-s2" name="Login" source="C:\Users\Dell\OneDrive\Documentos\AUTOMACAO\EDU\ROBOT\robot-fw01-web\features\Login.robot">
<test id="s1-s2-t1" name="Caso de Teste 01 - Fazer Login" line="15">
<kw name="Dado que eu acesso a pagina statusinvest" library="base">
<kw name="Abrir o navegador" library="base">
<kw name="Open Browser" library="SeleniumLibrary">
<arg>about:blank</arg>
<arg>${BROWSER}</arg>
<arg>options=add_experimental_option("detach", True)</arg>
<doc>Opens a new browser instance to the optional ``url``.</doc>
<msg timestamp="20230619 20:26:37.538" level="INFO">Opening browser 'chrome' to base url 'about:blank'.</msg>
<status status="PASS" starttime="20230619 20:26:37.538" endtime="20230619 20:26:38.766"/>
</kw>
<kw name="Set Selenium Implicit Wait" library="SeleniumLibrary">
<arg>5</arg>
<doc>Sets the implicit wait value used by Selenium.</doc>
<status status="PASS" starttime="20230619 20:26:38.766" endtime="20230619 20:26:38.768"/>
</kw>
<kw name="Set Window Size" library="SeleniumLibrary">
<arg>1356</arg>
<arg>725</arg>
<doc>Sets current windows size to given ``width`` and ``height``.</doc>
<status status="PASS" starttime="20230619 20:26:38.768" endtime="20230619 20:26:38.887"/>
</kw>
<status status="PASS" starttime="20230619 20:26:37.537" endtime="20230619 20:26:38.887"/>
</kw>
<kw name="Abrir a url" library="base">
<kw name="Go To" library="SeleniumLibrary">
<arg>url=${BASE_URL}</arg>
<doc>Navigates the current browser window to the provided ``url``.</doc>
<msg timestamp="20230619 20:26:38.888" level="INFO">Opening url 'https://statusinvest.com.br'</msg>
<status status="PASS" starttime="20230619 20:26:38.888" endtime="20230619 20:26:41.653"/>
</kw>
<kw name="Wait Until Element Is Visible" library="SeleniumLibrary">
<arg>//img[@src='/img/logo/logo-main.png?v=22']</arg>
<doc>Waits until the element ``locator`` is visible.</doc>
<status status="PASS" starttime="20230619 20:26:41.654" endtime="20230619 20:26:41.683"/>
</kw>
<status status="PASS" starttime="20230619 20:26:38.888" endtime="20230619 20:26:41.683"/>
</kw>
<status status="PASS" starttime="20230619 20:26:37.537" endtime="20230619 20:26:41.683"/>
</kw>
<kw name="Quando faço login com o usuario 'spclash01@gmail.com' e senha 'Spclash01@'" library="Login_kw" sourcename="Quando faço login com o usuario '${usuario}' e senha '${senha}'">
<kw name="Abrir a url" library="base">
<kw name="Go To" library="SeleniumLibrary">
<arg>url=${BASE_URL}</arg>
<doc>Navigates the current browser window to the provided ``url``.</doc>
<msg timestamp="20230619 20:26:41.685" level="INFO">Opening url 'https://statusinvest.com.br'</msg>
<status status="PASS" starttime="20230619 20:26:41.684" endtime="20230619 20:26:42.260"/>
</kw>
<kw name="Wait Until Element Is Visible" library="SeleniumLibrary">
<arg>//img[@src='/img/logo/logo-main.png?v=22']</arg>
<doc>Waits until the element ``locator`` is visible.</doc>
<status status="PASS" starttime="20230619 20:26:42.260" endtime="20230619 20:26:42.282"/>
</kw>
<status status="PASS" starttime="20230619 20:26:41.684" endtime="20230619 20:26:42.282"/>
</kw>
<kw name="Clicar no botão para fazer login" library="HomeInvest_PA">
<kw name="Click Element" library="SeleniumLibrary">
<arg>${btn_entrar}</arg>
<doc>Click the element identified by ``locator``.</doc>
<msg timestamp="20230619 20:26:42.283" level="INFO">Clicking element '//span[contains(.,'ENTRAR')]'.</msg>
<status status="PASS" starttime="20230619 20:26:42.282" endtime="20230619 20:26:42.375"/>
</kw>
<status status="PASS" starttime="20230619 20:26:42.282" endtime="20230619 20:26:42.375"/>
</kw>
<kw name="Fazer login" library="Login_PA">
<arg>${usuario}</arg>
<arg>${senha}</arg>
<kw name="Inserir e-mail" library="Login_PA">
<arg>${usuario}</arg>
<kw name="Input Text" library="SeleniumLibrary">
<arg>${lbl_email}</arg>
<arg>${usuario}</arg>
<doc>Types the given ``text`` into the text field identified by ``locator``.</doc>
<msg timestamp="20230619 20:26:42.379" level="INFO">Typing text 'spclash01@gmail.com' into text field '//input[@id='Email']'.</msg>
<status status="PASS" starttime="20230619 20:26:42.378" endtime="20230619 20:26:42.607"/>
</kw>
<status status="PASS" starttime="20230619 20:26:42.377" endtime="20230619 20:26:42.607"/>
</kw>
<kw name="Inserir a senha" library="Login_PA">
<arg>${senha}</arg>
<kw name="Input Text" library="SeleniumLibrary">
<arg>${Lbl_senha}</arg>
<arg>${senha}</arg>
<doc>Types the given ``text`` into the text field identified by ``locator``.</doc>
<msg timestamp="20230619 20:26:42.608" level="INFO">Typing text 'Spclash01@' into text field '//input[@id='Password']'.</msg>
<status status="PASS" starttime="20230619 20:26:42.607" endtime="20230619 20:26:42.732"/>
</kw>
<kw name="Sleep" library="BuiltIn">
<arg>1</arg>
<doc>Pauses the test executed for the given time.</doc>
<msg timestamp="20230619 20:26:43.733" level="INFO">Slept 1 second</msg>
<status status="PASS" starttime="20230619 20:26:42.732" endtime="20230619 20:26:43.733"/>
</kw>
<status status="PASS" starttime="20230619 20:26:42.607" endtime="20230619 20:26:43.733"/>
</kw>
<kw name="Clicar no botão para logar" library="Login_PA">
<kw name="Wait Until Element Is Visible" library="SeleniumLibrary">
<arg>${btn_login}</arg>
<doc>Waits until the element ``locator`` is visible.</doc>
<status status="PASS" starttime="20230619 20:26:43.733" endtime="20230619 20:26:43.756"/>
</kw>
<kw name="Click Element" library="SeleniumLibrary">
<arg>${btn_login}</arg>
<doc>Click the element identified by ``locator``.</doc>
<msg timestamp="20230619 20:26:43.756" level="INFO">Clicking element '//button[@id='btn-login']'.</msg>
<status status="PASS" starttime="20230619 20:26:43.756" endtime="20230619 20:26:43.804"/>
</kw>
<kw name="Page Should Contain Element" library="SeleniumLibrary">
<arg>${img_logo}</arg>
<doc>Verifies that element ``locator`` is found on the current page.</doc>
<msg timestamp="20230619 20:26:43.815" level="INFO">Current page contains element '//img[@src='/img/logo/logo-main.png?v=22']'.</msg>
<status status="PASS" starttime="20230619 20:26:43.804" endtime="20230619 20:26:43.815"/>
</kw>
<status status="PASS" starttime="20230619 20:26:43.733" endtime="20230619 20:26:43.815"/>
</kw>
<status status="PASS" starttime="20230619 20:26:42.375" endtime="20230619 20:26:43.815"/>
</kw>
<status status="PASS" starttime="20230619 20:26:41.684" endtime="20230619 20:26:43.815"/>
</kw>
<kw name="Então vejo meu usuario 'Robot_FW' logado na pagina principal" library="Login_kw" sourcename="Então vejo meu usuario '${nome}' logado na pagina principal">
<kw name="Wait Until Page Contains" library="SeleniumLibrary">
<arg>Robot_FW</arg>
<doc>Waits until ``text`` appears on the current page.</doc>
<status status="PASS" starttime="20230619 20:26:43.816" endtime="20230619 20:26:44.109"/>
</kw>
<kw name="Page Should Contain" library="SeleniumLibrary">
<arg>Robot_FW</arg>
<doc>Verifies that current page contains ``text``.</doc>
<msg timestamp="20230619 20:26:44.128" level="INFO">Current page contains text 'Robot_FW'.</msg>
<status status="PASS" starttime="20230619 20:26:44.109" endtime="20230619 20:26:44.128"/>
</kw>
<status status="PASS" starttime="20230619 20:26:43.816" endtime="20230619 20:26:44.128"/>
</kw>
<kw name="Fechar o navegador" library="base" type="TEARDOWN">
<kw name="Close Browser" library="SeleniumLibrary">
<doc>Closes the current browser.</doc>
<status status="PASS" starttime="20230619 20:26:44.129" endtime="20230619 20:26:46.382"/>
</kw>
<status status="PASS" starttime="20230619 20:26:44.129" endtime="20230619 20:26:46.382"/>
</kw>
<doc>Faz login na pagina</doc>
<tag>login</tag>
<tag>regressivo</tag>
<status status="PASS" starttime="20230619 20:26:37.537" endtime="20230619 20:26:46.382"/>
</test>
<kw name="Fechar o navegador" library="base" type="TEARDOWN">
<kw name="Close Browser" library="SeleniumLibrary">
<doc>Closes the current browser.</doc>
<status status="PASS" starttime="20230619 20:26:46.384" endtime="20230619 20:26:46.384"/>
</kw>
<status status="PASS" starttime="20230619 20:26:46.384" endtime="20230619 20:26:46.384"/>
</kw>
<doc>Suite de testes na pagina de login
-- Version     1.0.0.1
-- Author      Eduardo Barbosa</doc>
<status status="PASS" starttime="20230619 20:26:37.520" endtime="20230619 20:26:46.384"/>
</suite>
<status status="PASS" starttime="20230619 20:25:52.829" endtime="20230619 20:26:46.386"/>
</suite>
<statistics>
<total>
<stat pass="4" fail="0" skip="0">All Tests</stat>
</total>
<tag>
<stat pass="1" fail="0" skip="0">busca</stat>
<stat pass="1" fail="0" skip="0">login</stat>
<stat pass="4" fail="0" skip="0">regressivo</stat>
<stat pass="1" fail="0" skip="0">test</stat>
<stat pass="1" fail="0" skip="0">valor</stat>
</tag>
<suite>
<stat pass="4" fail="0" skip="0" id="s1" name="HomeInvest &amp; Login">HomeInvest &amp; Login</stat>
<stat pass="3" fail="0" skip="0" id="s1-s1" name="HomeInvest">HomeInvest &amp; Login.HomeInvest</stat>
<stat pass="1" fail="0" skip="0" id="s1-s2" name="Login">HomeInvest &amp; Login.Login</stat>
</suite>
</statistics>
<errors>
</errors>
</robot>
